2023-12-10 15:22:13,915 INFO o.a.j.u.JMeterUtils: Setting Locale to pt_PT
2023-12-10 15:22:13,921 ERROR o.a.j.u.JMeterUtils: Could not find resources for 'pt_PT'
2023-12-10 15:22:13,922 INFO o.a.j.JMeter: Loading user properties from: user.properties
2023-12-10 15:22:13,922 INFO o.a.j.JMeter: Loading system properties from: system.properties
2023-12-10 15:22:13,926 INFO o.a.j.JMeter: Copyright (c) 1998-2023 The Apache Software Foundation
2023-12-10 15:22:13,926 INFO o.a.j.JMeter: Version 5.6.2
2023-12-10 15:22:13,926 INFO o.a.j.JMeter: java.version=1.8.0_371
2023-12-10 15:22:13,926 INFO o.a.j.JMeter: java.vm.name=Java HotSpot(TM) 64-Bit Server VM
2023-12-10 15:22:13,926 INFO o.a.j.JMeter: os.name=Windows 11
2023-12-10 15:22:13,926 INFO o.a.j.JMeter: os.arch=amd64
2023-12-10 15:22:13,926 INFO o.a.j.JMeter: os.version=10.0
2023-12-10 15:22:13,927 INFO o.a.j.JMeter: file.encoding=Cp1252
2023-12-10 15:22:13,927 INFO o.a.j.JMeter: java.awt.headless=null
2023-12-10 15:22:13,927 INFO o.a.j.JMeter: Max memory     =7592738816
2023-12-10 15:22:13,927 INFO o.a.j.JMeter: Available Processors =16
2023-12-10 15:22:13,930 INFO o.a.j.JMeter: Default Locale=português (Portugal)
2023-12-10 15:22:13,930 INFO o.a.j.JMeter: JMeter  Locale=português (Portugal)
2023-12-10 15:22:13,930 INFO o.a.j.JMeter: JMeterHome=C:\Users\Ricardo\Desktop\atalhos\switch-qa\switch-qa-23-project-switch-qa-23-2\apache-jmeter-5.6.2
2023-12-10 15:22:13,930 INFO o.a.j.JMeter: user.dir  =C:\Users\Ricardo\Desktop\atalhos\switch-qa\switch-qa-23-project-switch-qa-23-2\apache-jmeter-5.6.2\bin
2023-12-10 15:22:13,931 INFO o.a.j.JMeter: PWD       =C:\Users\Ricardo\Desktop\atalhos\switch-qa\switch-qa-23-project-switch-qa-23-2\apache-jmeter-5.6.2\bin
2023-12-10 15:22:13,931 INFO o.a.j.JMeter: IP: 192.168.1.114 Name: DESKTOP-QD132QL FullName: host.docker.internal
2023-12-10 15:22:13,942 INFO o.a.j.JMeter: Loaded icon properties from org/apache/jmeter/images/icon.properties
2023-12-10 15:22:14,027 INFO o.a.j.JMeterGuiLauncher: Setting LAF to: com.github.weisj.darklaf.DarkLaf:com.github.weisj.darklaf.theme.DarculaTheme
2023-12-10 15:22:19,547 INFO o.a.j.s.FileServer: Default base='C:\Users\Ricardo\Desktop\atalhos\switch-qa\switch-qa-23-project-switch-qa-23-2\apache-jmeter-5.6.2\bin'
2023-12-10 15:22:19,549 INFO o.a.j.g.a.Load: Loading file: C:\Users\Ricardo\Desktop\DDDForum.jmx
2023-12-10 15:22:19,549 INFO o.a.j.s.FileServer: Set new base='C:\Users\Ricardo\Desktop'
2023-12-10 15:22:19,617 INFO o.a.j.s.SaveService: Testplan (JMX) version: 2.2. Testlog (JTL) version: 2.2
2023-12-10 15:22:19,630 INFO o.a.j.s.SaveService: Using SaveService properties file encoding UTF-8
2023-12-10 15:22:19,631 INFO o.a.j.s.SaveService: Using SaveService properties version 5.0
2023-12-10 15:22:19,633 INFO o.a.j.s.SaveService: Loading file: C:\Users\Ricardo\Desktop\DDDForum.jmx
2023-12-10 15:22:19,650 INFO o.a.j.p.h.s.HTTPSamplerBase: Parser for text/html is org.apache.jmeter.protocol.http.parser.LagartoBasedHtmlParser
2023-12-10 15:22:19,650 INFO o.a.j.p.h.s.HTTPSamplerBase: Parser for application/xhtml+xml is org.apache.jmeter.protocol.http.parser.LagartoBasedHtmlParser
2023-12-10 15:22:19,650 INFO o.a.j.p.h.s.HTTPSamplerBase: Parser for application/xml is org.apache.jmeter.protocol.http.parser.LagartoBasedHtmlParser
2023-12-10 15:22:19,650 INFO o.a.j.p.h.s.HTTPSamplerBase: Parser for text/xml is org.apache.jmeter.protocol.http.parser.LagartoBasedHtmlParser
2023-12-10 15:22:19,650 INFO o.a.j.p.h.s.HTTPSamplerBase: Parser for text/vnd.wap.wml is org.apache.jmeter.protocol.http.parser.RegexpHTMLParser
2023-12-10 15:22:19,650 INFO o.a.j.p.h.s.HTTPSamplerBase: Parser for text/css is org.apache.jmeter.protocol.http.parser.CssParser
2023-12-10 15:22:19,814 INFO o.a.j.s.SampleResult: Note: Sample TimeStamps are START times
2023-12-10 15:22:19,814 INFO o.a.j.s.SampleResult: sampleresult.default.encoding is set to UTF-8
2023-12-10 15:22:19,814 INFO o.a.j.s.SampleResult: sampleresult.useNanoTime=true
2023-12-10 15:22:19,814 INFO o.a.j.s.SampleResult: sampleresult.nanoThreadSleep=5000
2023-12-10 15:22:20,029 INFO o.a.j.s.FileServer: Set new base='C:\Users\Ricardo\Desktop'
2023-12-10 15:22:26,988 INFO o.a.j.e.StandardJMeterEngine: Running the test!
2023-12-10 15:22:26,989 INFO o.a.j.s.SampleEvent: List of sample_variables: []
2023-12-10 15:22:26,989 INFO o.a.j.s.SampleEvent: List of sample_variables: []
2023-12-10 15:22:26,989 INFO o.a.j.e.u.CompoundVariable: Note: Function class names must contain the string: '.functions.'
2023-12-10 15:22:26,990 INFO o.a.j.e.u.CompoundVariable: Note: Function class names must not contain the string: '.gui.'
2023-12-10 15:22:27,151 INFO o.a.j.g.u.JMeterMenuBar: setRunning(true, *local*)
2023-12-10 15:22:27,244 INFO o.a.j.e.StandardJMeterEngine: Starting ThreadGroup: 1 : Thread Group
2023-12-10 15:22:27,245 INFO o.a.j.e.StandardJMeterEngine: Starting 1 threads for group Thread Group.
2023-12-10 15:22:27,245 INFO o.a.j.e.StandardJMeterEngine: Thread will continue on error
2023-12-10 15:22:27,245 INFO o.a.j.t.ThreadGroup: Starting thread group... number=1 threads=1 ramp-up=2 delayedStart=false
2023-12-10 15:22:27,247 INFO o.a.j.t.ThreadGroup: Started thread group number 1
2023-12-10 15:22:27,247 INFO o.a.j.e.StandardJMeterEngine: All thread groups have been started
2023-12-10 15:22:27,250 INFO o.a.j.t.JMeterThread: Thread started: Thread Group 1-1
2023-12-10 15:22:27,260 INFO o.a.j.p.h.s.HTTPHCAbstractImpl: Local host = DESKTOP-QD132QL
2023-12-10 15:22:27,267 INFO o.a.j.p.h.s.HTTPHC4Impl: HTTP request retry count = 0
2023-12-10 15:22:28,665 INFO o.a.j.t.JMeterThread: Thread is done: Thread Group 1-1
2023-12-10 15:22:28,665 INFO o.a.j.t.JMeterThread: Thread finished: Thread Group 1-1
2023-12-10 15:22:28,665 WARN o.a.j.c.CriticalSectionController: Lock 'global_lock' not released in: Critical Section Controller, releasing in threadFinished
2023-12-10 15:22:28,665 INFO o.a.j.e.StandardJMeterEngine: Notifying test listeners of end of test
2023-12-10 15:22:28,666 INFO o.a.j.g.u.JMeterMenuBar: setRunning(false, *local*)
